Arguments: 
  C:\Program Files (x86)\nodejs\node.exe C:\Users\finne\AppData\Roaming\npm\node_modules\yarn\bin\yarn.js add node-schedule

PATH: 
  C:\Program Files\Oculus\Support\oculus-runtime;C:\Program Files\NVIDIA GPU Computing Toolkit\CUDA\v10.1\bin;C:\Program Files\NVIDIA GPU Computing Toolkit\CUDA\v10.1\libnvvp;C:\Program Files\Python36\Scripts\;C:\Program Files (x86)\Microsoft Visual Studio\Shared\Python36_64\Scripts\;C:\Program Files (x86)\Microsoft Visual Studio\Shared\Python36_64\;C:\Program Files\NVIDIA GPU Computing Toolkit\CUDA\v9.0\bin;C:\Program Files (x86)\Intel\Intel(R) Management Engine Components\iCLS\;C:\Program Files\Intel\Intel(R) Management Engine Components\iCLS\;C:\Program Files (x86)\Razer Chroma SDK\bin;C:\Program Files\Razer Chroma SDK\bin;C:\WINDOWS\system32;C:\WINDOWS;C:\WINDOWS\System32\Wbem;C:\WINDOWS\System32\WindowsPowerShell\v1.0\;C:\Program Files (x86)\Common Files\Acronis\VirtualFile\;C:\Program Files (x86)\Common Files\Acronis\VirtualFile64\;C:\Program Files (x86)\Common Files\Acronis\SnapAPI\;C:\Users\HP Z400\AppData\Local\Microsoft\WindowsApps;C:\Program Files\dotnet\;C:\Program Files\Microsoft SQL Server\130\Tools\Binn\;C:\Program Files (x86)\NVIDIA Corporation\PhysX\Common;C:\Program Fi;C:\Program Files\NVIDIA Corporation\NVIDIA NvDLISR;C:\Program Files\NVIDIA Corporation\Nsight Compute 2019.1\;C:\Program Files\Git\cmd;C:\Program Files\CMake\bin;C:\Program Files\Microsoft VS Code\bin;C:\Program Files\nodejs;C:\ProgramData\chocolatey\bin;C:\Program Files (x86)\nodejs\;%SystemRoot%\system32;%SystemRoot%;%SystemRoot%\System32\Wbem;%SYSTEMROOT%\System32\WindowsPowerShell\v1.0\;%SYSTEMROOT%\System32\OpenSSH\;C:\Users\finne\AppData\Local\Microsoft\WindowsApps;C:\Users\finne\go\bin;C:\Users\finne\AppData\Local\Programs\Git\cmd;C:\Users\finne\AppData\Local\Programs\Git\mingw64\bin;C:\Users\finne\AppData\Local\Programs\Git\usr\bin;C:\Users\finne\AppData\Roaming\npm;

Yarn version: 
  1.16.0

Node version: 
  12.2.0

Platform: 
  win32 ia32

Trace: 
  Error: EPERM: operation not permitted, unlink 'C:\Users\finne\Desktop\discord_bot2\node_modules\sqlite3\lib\binding\node-v72-win32-ia32\node_sqlite3.node'

npm manifest: 
  {
    "name": "goober",
    "version": "1.0.0",
    "description": "a atempt at a usefull program",
    "main": "index.js",
    "scripts": {
      "test": "echo \"Error: no test specified\" && exit 1"
    },
    "author": "null",
    "license": "ISC",
    "dependencies": {
      "discord.js": "^11.5.0",
      "heartbeats": "^5.0.1",
      "log-timestamp": "^0.3.0",
      "sqlite3": "^4.0.8"
    }
  }

yarn manifest: 
  No manifest

Lockfile: 
  No lockfile
